2025/03/13 11:51:27 Bezocht bestand: C:\Users\Daan\Documents\Arduino\LEDS_met_knop_Buzzer_scherm\LEDS_met_knop_Buzzer_scherm.ino extensie: .ino
2025/03/13 11:51:27 Bezocht bestand: C:\Users\Daan\Documents\Arduino\libraries\TM1637\LICENSE extensie: 
2025/03/13 11:51:27 Bezocht bestand: C:\Users\Daan\Documents\Arduino\libraries\TM1637\README.md extensie: .md
2025/03/13 11:51:27 Bezocht bestand: C:\Users\Daan\Documents\Arduino\libraries\TM1637\TM1637Display.cpp extensie: .cpp
2025/03/13 11:51:27 Bezocht bestand: C:\Users\Daan\Documents\Arduino\libraries\TM1637\TM1637Display.h extensie: .h
2025/03/13 11:51:27 Bezocht bestand: C:\Users\Daan\Documents\Arduino\libraries\TM1637\docs\TM1637_ V2.4.pdf extensie: .pdf
2025/03/13 11:51:27 Document bestand: C:\Users\Daan\Documents\Arduino\libraries\TM1637\docs\TM1637_ V2.4.pdf
2025/03/13 11:51:27 Bezocht bestand: C:\Users\Daan\Documents\Arduino\libraries\TM1637\docs\TM1637_V2.4_EN.pdf extensie: .pdf
2025/03/13 11:51:27 Document bestand: C:\Users\Daan\Documents\Arduino\libraries\TM1637\docs\TM1637_V2.4_EN.pdf
2025/03/13 11:51:27 Bezocht bestand: C:\Users\Daan\Documents\Arduino\libraries\TM1637\examples\TM1637Test\TM1637Test.ino extensie: .ino
2025/03/13 11:51:27 Bezocht bestand: C:\Users\Daan\Documents\Arduino\libraries\TM1637\library.json extensie: .json
2025/03/13 11:51:27 Bezocht bestand: C:\Users\Daan\Documents\Arduino\libraries\TM1637\library.properties extensie: .properties
2025/03/13 11:51:27 Bezocht bestand: C:\Users\Daan\Documents\Arduino\libraries\TM1637\platformio.ini extensie: .ini
2025/03/13 11:51:27 Bezocht bestand: C:\Users\Daan\Documents\Arduino\libraries\TM1637\release_notes.md extensie: .md
2025/03/13 11:51:27 Bezocht bestand: C:\Users\Daan\Documents\Default.rdp extensie: .rdp
2025/03/13 11:51:27 Bezocht bestand: C:\Users\Daan\Documents\IISExpress\config\applicationhost.config extensie: .config
2025/03/13 11:51:27 Bezocht bestand: C:\Users\Daan\Documents\IISExpress\config\aspnet.config extensie: .config
2025/03/13 11:51:27 Bezocht bestand: C:\Users\Daan\Documents\IISExpress\config\redirection.config extensie: .config
2025/03/13 11:51:27 Bezocht bestand: C:\Users\Daan\Documents\My Music extensie: 
2025/03/13 11:51:27 Bezocht bestand: C:\Users\Daan\Documents\My Pictures extensie: 
2025/03/13 11:51:27 Bezocht bestand: C:\Users\Daan\Documents\My Videos extensie: 
2025/03/13 11:51:27 Bezocht bestand: C:\Users\Daan\Documents\My Web Sites\WebSite1\bkg-blu.jpg extensie: .jpg
2025/03/13 11:51:27 Bezocht bestand: C:\Users\Daan\Documents\My Web Sites\WebSite1\iis.png extensie: .png
2025/03/13 11:51:27 Bezocht bestand: C:\Users\Daan\Documents\My Web Sites\WebSite1\iisstart.htm extensie: .htm
2025/03/13 11:51:27 Bezocht bestand: C:\Users\Daan\Documents\My Web Sites\WebSite1\msweb-brand.png extensie: .png
2025/03/13 11:51:27 Bezocht bestand: C:\Users\Daan\Documents\My Web Sites\WebSite1\w-brand.png extensie: .png
2025/03/13 11:51:27 Bezocht bestand: C:\Users\Daan\Documents\OneNote Notebooks\Quick Notes.one extensie: .one
2025/03/13 11:51:27 Bezocht bestand: C:\Users\Daan\Documents\PlatformIO\Projects\Arduino Uno\.gitignore extensie: .gitignore
2025/03/13 11:51:27 Bezocht bestand: C:\Users\Daan\Documents\PlatformIO\Projects\Arduino Uno\.pio\build\project.checksum extensie: .checksum
2025/03/13 11:51:27 Bezocht bestand: C:\Users\Daan\Documents\PlatformIO\Projects\Arduino Uno\.pio\build\uno\.sconsign311.dblite extensie: .dblite
2025/03/13 11:51:27 Bezocht bestand: C:\Users\Daan\Documents\PlatformIO\Projects\Arduino Uno\.pio\build\uno\FrameworkArduino\CDC.cpp.o extensie: .o
2025/03/13 11:51:27 Bezocht bestand: C:\Users\Daan\Documents\PlatformIO\Projects\Arduino Uno\.pio\build\uno\FrameworkArduino\HardwareSerial.cpp.o extensie: .o
2025/03/13 11:51:27 Bezocht bestand: C:\Users\Daan\Documents\PlatformIO\Projects\Arduino Uno\.pio\build\uno\FrameworkArduino\HardwareSerial0.cpp.o extensie: .o
2025/03/13 11:51:27 Bezocht bestand: C:\Users\Daan\Documents\PlatformIO\Projects\Arduino Uno\.pio\build\uno\FrameworkArduino\HardwareSerial1.cpp.o extensie: .o
2025/03/13 11:51:27 Bezocht bestand: C:\Users\Daan\Documents\PlatformIO\Projects\Arduino Uno\.pio\build\uno\FrameworkArduino\HardwareSerial2.cpp.o extensie: .o
2025/03/13 11:51:27 Bezocht bestand: C:\Users\Daan\Documents\PlatformIO\Projects\Arduino Uno\.pio\build\uno\FrameworkArduino\HardwareSerial3.cpp.o extensie: .o
2025/03/13 11:51:27 Bezocht bestand: C:\Users\Daan\Documents\PlatformIO\Projects\Arduino Uno\.pio\build\uno\FrameworkArduino\IPAddress.cpp.o extensie: .o
2025/03/13 11:51:27 Bezocht bestand: C:\Users\Daan\Documents\PlatformIO\Projects\Arduino Uno\.pio\build\uno\FrameworkArduino\PluggableUSB.cpp.o extensie: .o
2025/03/13 11:51:27 Bezocht bestand: C:\Users\Daan\Documents\PlatformIO\Projects\Arduino Uno\.pio\build\uno\FrameworkArduino\Print.cpp.o extensie: .o
2025/03/13 11:51:27 Bezocht bestand: C:\Users\Daan\Documents\PlatformIO\Projects\Arduino Uno\.pio\build\uno\FrameworkArduino\Stream.cpp.o extensie: .o
2025/03/13 11:51:27 Bezocht bestand: C:\Users\Daan\Documents\PlatformIO\Projects\Arduino Uno\.pio\build\uno\FrameworkArduino\Tone.cpp.o extensie: .o
2025/03/13 11:51:27 Bezocht bestand: C:\Users\Daan\Documents\PlatformIO\Projects\Arduino Uno\.pio\build\uno\FrameworkArduino\USBCore.cpp.o extensie: .o
2025/03/13 11:51:27 Bezocht bestand: C:\Users\Daan\Documents\PlatformIO\Projects\Arduino Uno\.pio\build\uno\FrameworkArduino\WInterrupts.c.o extensie: .o
2025/03/13 11:51:27 Bezocht bestand: C:\Users\Daan\Documents\PlatformIO\Projects\Arduino Uno\.pio\build\uno\FrameworkArduino\WMath.cpp.o extensie: .o
2025/03/13 11:51:27 Bezocht bestand: C:\Users\Daan\Documents\PlatformIO\Projects\Arduino Uno\.pio\build\uno\FrameworkArduino\WString.cpp.o extensie: .o
2025/03/13 11:51:27 Bezocht bestand: C:\Users\Daan\Documents\PlatformIO\Projects\Arduino Uno\.pio\build\uno\FrameworkArduino\abi.cpp.o extensie: .o
2025/03/13 11:51:27 Bezocht bestand: C:\Users\Daan\Documents\PlatformIO\Projects\Arduino Uno\.pio\build\uno\FrameworkArduino\hooks.c.o extensie: .o
2025/03/13 11:51:27 Bezocht bestand: C:\Users\Daan\Documents\PlatformIO\Projects\Arduino Uno\.pio\build\uno\FrameworkArduino\main.cpp.o extensie: .o
2025/03/13 11:51:27 Bezocht bestand: C:\Users\Daan\Documents\PlatformIO\Projects\Arduino Uno\.pio\build\uno\FrameworkArduino\new.cpp.o extensie: .o
2025/03/13 11:51:27 Bezocht bestand: C:\Users\Daan\Documents\PlatformIO\Projects\Arduino Uno\.pio\build\uno\FrameworkArduino\wiring.c.o extensie: .o
2025/03/13 11:51:27 Bezocht bestand: C:\Users\Daan\Documents\PlatformIO\Projects\Arduino Uno\.pio\build\uno\FrameworkArduino\wiring_analog.c.o extensie: .o
2025/03/13 11:51:27 Bezocht bestand: C:\Users\Daan\Documents\PlatformIO\Projects\Arduino Uno\.pio\build\uno\FrameworkArduino\wiring_digital.c.o extensie: .o
2025/03/13 11:51:27 Bezocht bestand: C:\Users\Daan\Documents\PlatformIO\Projects\Arduino Uno\.pio\build\uno\FrameworkArduino\wiring_pulse.S.o extensie: .o
2025/03/13 11:51:27 Bezocht bestand: C:\Users\Daan\Documents\PlatformIO\Projects\Arduino Uno\.pio\build\uno\FrameworkArduino\wiring_pulse.c.o extensie: .o
2025/03/13 11:51:27 Bezocht bestand: C:\Users\Daan\Documents\PlatformIO\Projects\Arduino Uno\.pio\build\uno\FrameworkArduino\wiring_shift.c.o extensie: .o
2025/03/13 11:51:27 Bezocht bestand: C:\Users\Daan\Documents\PlatformIO\Projects\Arduino Uno\.pio\build\uno\firmware.elf extensie: .elf
2025/03/13 11:51:27 Bezocht bestand: C:\Users\Daan\Documents\PlatformIO\Projects\Arduino Uno\.pio\build\uno\firmware.hex extensie: .hex
2025/03/13 11:51:27 Bezocht bestand: C:\Users\Daan\Documents\PlatformIO\Projects\Arduino Uno\.pio\build\uno\idedata.json extensie: .json
2025/03/13 11:51:27 Bezocht bestand: C:\Users\Daan\Documents\PlatformIO\Projects\Arduino Uno\.pio\build\uno\libFrameworkArduino.a extensie: .a
2025/03/13 11:51:27 Bezocht bestand: C:\Users\Daan\Documents\PlatformIO\Projects\Arduino Uno\.pio\build\uno\libFrameworkArduinoVariant.a extensie: .a
2025/03/13 11:51:27 Bezocht bestand: C:\Users\Daan\Documents\PlatformIO\Projects\Arduino Uno\.pio\build\uno\src\main.cpp.o extensie: .o
2025/03/13 11:51:27 Bezocht bestand: C:\Users\Daan\Documents\PlatformIO\Projects\Arduino Uno\.vscode\c_cpp_properties.json extensie: .json
2025/03/13 11:51:27 Bezocht bestand: C:\Users\Daan\Documents\PlatformIO\Projects\Arduino Uno\.vscode\extensions.json extensie: .json
2025/03/13 11:51:27 Bezocht bestand: C:\Users\Daan\Documents\PlatformIO\Projects\Arduino Uno\.vscode\launch.json extensie: .json
2025/03/13 11:51:27 Bezocht bestand: C:\Users\Daan\Documents\PlatformIO\Projects\Arduino Uno\include\README extensie: 
2025/03/13 11:51:27 Bezocht bestand: C:\Users\Daan\Documents\PlatformIO\Projects\Arduino Uno\lib\README extensie: 
2025/03/13 11:51:27 Bezocht bestand: C:\Users\Daan\Documents\PlatformIO\Projects\Arduino Uno\platformio.ini extensie: .ini
2025/03/13 11:51:27 Bezocht bestand: C:\Users\Daan\Documents\PlatformIO\Projects\Arduino Uno\src\main.cpp extensie: .cpp
2025/03/13 11:51:27 Bezocht bestand: C:\Users\Daan\Documents\PlatformIO\Projects\Arduino Uno\test\README extensie: 
2025/03/13 11:51:27 Bezocht bestand: C:\Users\Daan\Documents\PlatformIO\Projects\TEST\.gitignore extensie: .gitignore
2025/03/13 11:51:27 Bezocht bestand: C:\Users\Daan\Documents\PlatformIO\Projects\TEST\.pio\build\project.checksum extensie: .checksum
2025/03/13 11:51:27 Bezocht bestand: C:\Users\Daan\Documents\PlatformIO\Projects\TEST\.pio\build\uno\.sconsign311.dblite extensie: .dblite
2025/03/13 11:51:27 Bezocht bestand: C:\Users\Daan\Documents\PlatformIO\Projects\TEST\.pio\build\uno\FrameworkArduino\CDC.cpp.o extensie: .o
2025/03/13 11:51:27 Bezocht bestand: C:\Users\Daan\Documents\PlatformIO\Projects\TEST\.pio\build\uno\FrameworkArduino\HardwareSerial.cpp.o extensie: .o
2025/03/13 11:51:27 Bezocht bestand: C:\Users\Daan\Documents\PlatformIO\Projects\TEST\.pio\build\uno\FrameworkArduino\HardwareSerial0.cpp.o extensie: .o
2025/03/13 11:51:27 Bezocht bestand: C:\Users\Daan\Documents\PlatformIO\Projects\TEST\.pio\build\uno\FrameworkArduino\HardwareSerial1.cpp.o extensie: .o
2025/03/13 11:51:27 Bezocht bestand: C:\Users\Daan\Documents\PlatformIO\Projects\TEST\.pio\build\uno\FrameworkArduino\HardwareSerial2.cpp.o extensie: .o
2025/03/13 11:51:27 Bezocht bestand: C:\Users\Daan\Documents\PlatformIO\Projects\TEST\.pio\build\uno\FrameworkArduino\HardwareSerial3.cpp.o extensie: .o
2025/03/13 11:51:27 Bezocht bestand: C:\Users\Daan\Documents\PlatformIO\Projects\TEST\.pio\build\uno\FrameworkArduino\IPAddress.cpp.o extensie: .o
2025/03/13 11:51:27 Bezocht bestand: C:\Users\Daan\Documents\PlatformIO\Projects\TEST\.pio\build\uno\FrameworkArduino\PluggableUSB.cpp.o extensie: .o
2025/03/13 11:51:27 Bezocht bestand: C:\Users\Daan\Documents\PlatformIO\Projects\TEST\.pio\build\uno\FrameworkArduino\Print.cpp.o extensie: .o
2025/03/13 11:51:27 Bezocht bestand: C:\Users\Daan\Documents\PlatformIO\Projects\TEST\.pio\build\uno\FrameworkArduino\Stream.cpp.o extensie: .o
2025/03/13 11:51:27 Bezocht bestand: C:\Users\Daan\Documents\PlatformIO\Projects\TEST\.pio\build\uno\FrameworkArduino\Tone.cpp.o extensie: .o
2025/03/13 11:51:27 Bezocht bestand: C:\Users\Daan\Documents\PlatformIO\Projects\TEST\.pio\build\uno\FrameworkArduino\USBCore.cpp.o extensie: .o
2025/03/13 11:51:27 Bezocht bestand: C:\Users\Daan\Documents\PlatformIO\Projects\TEST\.pio\build\uno\FrameworkArduino\WInterrupts.c.o extensie: .o
2025/03/13 11:51:27 Bezocht bestand: C:\Users\Daan\Documents\PlatformIO\Projects\TEST\.pio\build\uno\FrameworkArduino\WMath.cpp.o extensie: .o
2025/03/13 11:51:27 Bezocht bestand: C:\Users\Daan\Documents\PlatformIO\Projects\TEST\.pio\build\uno\FrameworkArduino\WString.cpp.o extensie: .o
2025/03/13 11:51:27 Bezocht bestand: C:\Users\Daan\Documents\PlatformIO\Projects\TEST\.pio\build\uno\FrameworkArduino\abi.cpp.o extensie: .o
2025/03/13 11:51:27 Bezocht bestand: C:\Users\Daan\Documents\PlatformIO\Projects\TEST\.pio\build\uno\FrameworkArduino\hooks.c.o extensie: .o
2025/03/13 11:51:27 Bezocht bestand: C:\Users\Daan\Documents\PlatformIO\Projects\TEST\.pio\build\uno\FrameworkArduino\main.cpp.o extensie: .o
2025/03/13 11:51:27 Bezocht bestand: C:\Users\Daan\Documents\PlatformIO\Projects\TEST\.pio\build\uno\FrameworkArduino\new.cpp.o extensie: .o
2025/03/13 11:51:27 Bezocht bestand: C:\Users\Daan\Documents\PlatformIO\Projects\TEST\.pio\build\uno\FrameworkArduino\wiring.c.o extensie: .o
2025/03/13 11:51:27 Bezocht bestand: C:\Users\Daan\Documents\PlatformIO\Projects\TEST\.pio\build\uno\FrameworkArduino\wiring_analog.c.o extensie: .o
2025/03/13 11:51:27 Bezocht bestand: C:\Users\Daan\Documents\PlatformIO\Projects\TEST\.pio\build\uno\FrameworkArduino\wiring_digital.c.o extensie: .o
2025/03/13 11:51:27 Bezocht bestand: C:\Users\Daan\Documents\PlatformIO\Projects\TEST\.pio\build\uno\FrameworkArduino\wiring_pulse.S.o extensie: .o
2025/03/13 11:51:27 Bezocht bestand: C:\Users\Daan\Documents\PlatformIO\Projects\TEST\.pio\build\uno\FrameworkArduino\wiring_pulse.c.o extensie: .o
2025/03/13 11:51:27 Bezocht bestand: C:\Users\Daan\Documents\PlatformIO\Projects\TEST\.pio\build\uno\FrameworkArduino\wiring_shift.c.o extensie: .o
2025/03/13 11:51:27 Bezocht bestand: C:\Users\Daan\Documents\PlatformIO\Projects\TEST\.pio\build\uno\firmware.elf extensie: .elf
2025/03/13 11:51:27 Bezocht bestand: C:\Users\Daan\Documents\PlatformIO\Projects\TEST\.pio\build\uno\firmware.hex extensie: .hex
2025/03/13 11:51:27 Bezocht bestand: C:\Users\Daan\Documents\PlatformIO\Projects\TEST\.pio\build\uno\idedata.json extensie: .json
2025/03/13 11:51:27 Bezocht bestand: C:\Users\Daan\Documents\PlatformIO\Projects\TEST\.pio\build\uno\libFrameworkArduino.a extensie: .a
2025/03/13 11:51:27 Bezocht bestand: C:\Users\Daan\Documents\PlatformIO\Projects\TEST\.pio\build\uno\libFrameworkArduinoVariant.a extensie: .a
2025/03/13 11:51:27 Bezocht bestand: C:\Users\Daan\Documents\PlatformIO\Projects\TEST\.pio\build\uno\src\main.cpp.o extensie: .o
2025/03/13 11:51:27 Bezocht bestand: C:\Users\Daan\Documents\PlatformIO\Projects\TEST\.vscode\c_cpp_properties.json extensie: .json
2025/03/13 11:51:27 Bezocht bestand: C:\Users\Daan\Documents\PlatformIO\Projects\TEST\.vscode\extensions.json extensie: .json
2025/03/13 11:51:27 Bezocht bestand: C:\Users\Daan\Documents\PlatformIO\Projects\TEST\.vscode\launch.json extensie: .json
2025/03/13 11:51:27 Bezocht bestand: C:\Users\Daan\Documents\PlatformIO\Projects\TEST\include\README extensie: 
2025/03/13 11:51:27 Bezocht bestand: C:\Users\Daan\Documents\PlatformIO\Projects\TEST\lib\README extensie: 
2025/03/13 11:51:27 Bezocht bestand: C:\Users\Daan\Documents\PlatformIO\Projects\TEST\platformio.ini extensie: .ini
2025/03/13 11:51:27 Bezocht bestand: C:\Users\Daan\Documents\PlatformIO\Projects\TEST\src\main.cpp extensie: .cpp
2025/03/13 11:51:27 Bezocht bestand: C:\Users\Daan\Documents\PlatformIO\Projects\TEST\test\README extensie: 
2025/03/13 11:51:27 Bezocht bestand: C:\Users\Daan\Documents\PowerShell\Modules\Microsoft.PowerToys.Configure\0.88.0.0\Microsoft.PowerToys.Configure.psd1 extensie: .psd1
2025/03/13 11:51:27 Bezocht bestand: C:\Users\Daan\Documents\PowerShell\Modules\Microsoft.PowerToys.Configure\0.88.0.0\Microsoft.PowerToys.Configure.psm1 extensie: .psm1
2025/03/13 11:51:27 Bezocht bestand: C:\Users\Daan\Documents\Rockstar Games\GTA V\Profiles\7AA87CEC\SGTA50015 extensie: 
2025/03/13 11:51:27 Bezocht bestand: C:\Users\Daan\Documents\Rockstar Games\GTA V\Profiles\7AA87CEC\SGTA50015.bak extensie: .bak
2025/03/13 11:51:27 Bezocht bestand: C:\Users\Daan\Documents\Rockstar Games\GTA V\Profiles\7AA87CEC\cfg.dat extensie: .dat
2025/03/13 11:51:27 Bezocht bestand: C:\Users\Daan\Documents\Rockstar Games\GTA V\Profiles\7AA87CEC\cloudsavedata.dat extensie: .dat
2025/03/13 11:51:27 Bezocht bestand: C:\Users\Daan\Documents\Rockstar Games\GTA V\Profiles\7AA87CEC\pc_settings.bin extensie: .bin
2025/03/13 11:51:27 Bezocht bestand: C:\Users\Daan\Documents\Rockstar Games\GTA V\settings.xml extensie: .xml
2025/03/13 11:51:27 Bezocht bestand: C:\Users\Daan\Documents\Rockstar Games\Launcher\Profiles\7AA87CEC\profiletitles.dat extensie: .dat
2025/03/13 11:51:27 Bezocht bestand: C:\Users\Daan\Documents\Rockstar Games\Launcher\Profiles\7AA87CEC\settings_account.dat extensie: .dat
2025/03/13 11:51:27 Bezocht bestand: C:\Users\Daan\Documents\Rockstar Games\Launcher\launcher.01.log extensie: .log
2025/03/13 11:51:27 Bezocht bestand: C:\Users\Daan\Documents\Rockstar Games\Launcher\launcher.02.log extensie: .log
2025/03/13 11:51:27 Bezocht bestand: C:\Users\Daan\Documents\Rockstar Games\Launcher\launcher.03.log extensie: .log
2025/03/13 11:51:27 Bezocht bestand: C:\Users\Daan\Documents\Rockstar Games\Launcher\launcher.04.log extensie: .log
2025/03/13 11:51:27 Bezocht bestand: C:\Users\Daan\Documents\Rockstar Games\Launcher\launcher.05.log extensie: .log
2025/03/13 11:51:27 Bezocht bestand: C:\Users\Daan\Documents\Rockstar Games\Launcher\launcher.06.log extensie: .log
2025/03/13 11:51:27 Bezocht bestand: C:\Users\Daan\Documents\Rockstar Games\Launcher\launcher.07.log extensie: .log
2025/03/13 11:51:27 Bezocht bestand: C:\Users\Daan\Documents\Rockstar Games\Launcher\launcher.08.log extensie: .log
2025/03/13 11:51:27 Bezocht bestand: C:\Users\Daan\Documents\Rockstar Games\Launcher\launcher.09.log extensie: .log
2025/03/13 11:51:27 Bezocht bestand: C:\Users\Daan\Documents\Rockstar Games\Launcher\launcher.log extensie: .log
2025/03/13 11:51:27 Bezocht bestand: C:\Users\Daan\Documents\Rockstar Games\Social Club\Cache\Images\AvatarCache\cache.dat extensie: .dat
2025/03/13 11:51:27 Bezocht bestand: C:\Users\Daan\Documents\Rockstar Games\Social Club\Cache\Images\AvatarCache\default_avatar.png extensie: .png
2025/03/13 11:51:27 Bezocht bestand: C:\Users\Daan\Documents\Rockstar Games\Social Club\Cache\browser_cache_settings.dat extensie: .dat
2025/03/13 11:51:27 Bezocht bestand: C:\Users\Daan\Documents\Rockstar Games\Social Club\Launcher\Renderer\Cache\Cache_Data\data_0 extensie: 
2025/03/13 11:51:27 Bezocht bestand: C:\Users\Daan\Documents\Rockstar Games\Social Club\Launcher\Renderer\Cache\Cache_Data\data_1 extensie: 
2025/03/13 11:51:27 Bezocht bestand: C:\Users\Daan\Documents\Rockstar Games\Social Club\Launcher\Renderer\Cache\Cache_Data\data_2 extensie: 
2025/03/13 11:51:27 Bezocht bestand: C:\Users\Daan\Documents\Rockstar Games\Social Club\Launcher\Renderer\Cache\Cache_Data\data_3 extensie: 
2025/03/13 11:51:27 Bezocht bestand: C:\Users\Daan\Documents\Rockstar Games\Social Club\Launcher\Renderer\Cache\Cache_Data\f_000001 extensie: 
2025/03/13 11:51:27 Bezocht bestand: C:\Users\Daan\Documents\Rockstar Games\Social Club\Launcher\Renderer\Cache\Cache_Data\f_000002 extensie: 
2025/03/13 11:51:27 Bezocht bestand: C:\Users\Daan\Documents\Rockstar Games\Social Club\Launcher\Renderer\Cache\Cache_Data\f_000003 extensie: 
2025/03/13 11:51:27 Bezocht bestand: C:\Users\Daan\Documents\Rockstar Games\Social Club\Launcher\Renderer\Cache\Cache_Data\f_000004 extensie: 
2025/03/13 11:51:27 Bezocht bestand: C:\Users\Daan\Documents\Rockstar Games\Social Club\Launcher\Renderer\Cache\Cache_Data\f_000006 extensie: 
2025/03/13 11:51:27 Bezocht bestand: C:\Users\Daan\Documents\Rockstar Games\Social Club\Launcher\Renderer\Cache\Cache_Data\f_000007 extensie: 
2025/03/13 11:51:27 Bezocht bestand: C:\Users\Daan\Documents\Rockstar Games\Social Club\Launcher\Renderer\Cache\Cache_Data\f_000008 extensie: 
2025/03/13 11:51:27 Bezocht bestand: C:\Users\Daan\Documents\Rockstar Games\Social Club\Launcher\Renderer\Cache\Cache_Data\f_00000a extensie: 
2025/03/13 11:51:27 Bezocht bestand: C:\Users\Daan\Documents\Rockstar Games\Social Club\Launcher\Renderer\Cache\Cache_Data\f_00000b extensie: 
2025/03/13 11:51:27 Bezocht bestand: C:\Users\Daan\Documents\Rockstar Games\Social Club\Launcher\Renderer\Cache\Cache_Data\f_00000c extensie: 
2025/03/13 11:51:27 Bezocht bestand: C:\Users\Daan\Documents\Rockstar Games\Social Club\Launcher\Renderer\Cache\Cache_Data\f_00000d extensie: 
2025/03/13 11:51:27 Bezocht bestand: C:\Users\Daan\Documents\Rockstar Games\Social Club\Launcher\Renderer\Cache\Cache_Data\f_00000e extensie: 
2025/03/13 11:51:27 Bezocht bestand: C:\Users\Daan\Documents\Rockstar Games\Social Club\Launcher\Renderer\Cache\Cache_Data\f_00000f extensie: 
2025/03/13 11:51:27 Bezocht bestand: C:\Users\Daan\Documents\Rockstar Games\Social Club\Launcher\Renderer\Cache\Cache_Data\f_000014 extensie: 
2025/03/13 11:51:27 Bezocht bestand: C:\Users\Daan\Documents\Rockstar Games\Social Club\Launcher\Renderer\Cache\Cache_Data\f_000016 extensie: 
2025/03/13 11:51:27 Bezocht bestand: C:\Users\Daan\Documents\Rockstar Games\Social Club\Launcher\Renderer\Cache\Cache_Data\f_000017 extensie: 
2025/03/13 11:51:27 Bezocht bestand: C:\Users\Daan\Documents\Rockstar Games\Social Club\Launcher\Renderer\Cache\Cache_Data\f_000018 extensie: 
2025/03/13 11:51:27 Bezocht bestand: C:\Users\Daan\Documents\Rockstar Games\Social Club\Launcher\Renderer\Cache\Cache_Data\f_000019 extensie: 
2025/03/13 11:51:27 Bezocht bestand: C:\Users\Daan\Documents\Rockstar Games\Social Club\Launcher\Renderer\Cache\Cache_Data\f_00001a extensie: 
2025/03/13 11:51:27 Bezocht bestand: C:\Users\Daan\Documents\Rockstar Games\Social Club\Launcher\Renderer\Cache\Cache_Data\f_00001b extensie: 
2025/03/13 11:51:27 Bezocht bestand: C:\Users\Daan\Documents\Rockstar Games\Social Club\Launcher\Renderer\Cache\Cache_Data\f_00001c extensie: 
2025/03/13 11:51:27 Bezocht bestand: C:\Users\Daan\Documents\Rockstar Games\Social Club\Launcher\Renderer\Cache\Cache_Data\f_00001d extensie: 
2025/03/13 11:51:27 Bezocht bestand: C:\Users\Daan\Documents\Rockstar Games\Social Club\Launcher\Renderer\Cache\Cache_Data\f_00001e extensie: 
2025/03/13 11:51:27 Bezocht bestand: C:\Users\Daan\Documents\Rockstar Games\Social Club\Launcher\Renderer\Cache\Cache_Data\index extensie: 
2025/03/13 11:51:27 Bezocht bestand: C:\Users\Daan\Documents\Rockstar Games\Social Club\Launcher\Renderer\Code Cache\js\050c685f454206c2_0 extensie: 
2025/03/13 11:51:27 Bezocht bestand: C:\Users\Daan\Documents\Rockstar Games\Social Club\Launcher\Renderer\Code Cache\js\0b2fa8dde2fe7b1e_0 extensie: 
2025/03/13 11:51:27 Bezocht bestand: C:\Users\Daan\Documents\Rockstar Games\Social Club\Launcher\Renderer\Code Cache\js\0f352694aeb5bd55_0 extensie: 
2025/03/13 11:51:27 Bezocht bestand: C:\Users\Daan\Documents\Rockstar Games\Social Club\Launcher\Renderer\Code Cache\js\126e154a4e1ff7a5_0 extensie: 
2025/03/13 11:51:27 Bezocht bestand: C:\Users\Daan\Documents\Rockstar Games\Social Club\Launcher\Renderer\Code Cache\js\154d1fc85755b290_0 extensie: 
2025/03/13 11:51:27 Bezocht bestand: C:\Users\Daan\Documents\Rockstar Games\Social Club\Launcher\Renderer\Code Cache\js\28e9e01edab05293_0 extensie: 
2025/03/13 11:51:27 Bezocht bestand: C:\Users\Daan\Documents\Rockstar Games\Social Club\Launcher\Renderer\Code Cache\js\4780e43d5456fded_0 extensie: 
2025/03/13 11:51:27 Bezocht bestand: C:\Users\Daan\Documents\Rockstar Games\Social Club\Launcher\Renderer\Code Cache\js\51c61887963c049b_0 extensie: 
2025/03/13 11:51:27 Bezocht bestand: C:\Users\Daan\Documents\Rockstar Games\Social Club\Launcher\Renderer\Code Cache\js\587c91345d50fd0b_0 extensie: 
2025/03/13 11:51:27 Bezocht bestand: C:\Users\Daan\Documents\Rockstar Games\Social Club\Launcher\Renderer\Code Cache\js\5910a5a5a8533489_0 extensie: 
2025/03/13 11:51:27 Bezocht bestand: C:\Users\Daan\Documents\Rockstar Games\Social Club\Launcher\Renderer\Code Cache\js\5fc14b6b1364e006_0 extensie: 
2025/03/13 11:51:27 Bezocht bestand: C:\Users\Daan\Documents\Rockstar Games\Social Club\Launcher\Renderer\Code Cache\js\621c269a19126277_0 extensie: 
2025/03/13 11:51:27 Bezocht bestand: C:\Users\Daan\Documents\Rockstar Games\Social Club\Launcher\Renderer\Code Cache\js\62ee8628869f90a3_0 extensie: 
2025/03/13 11:51:27 Bezocht bestand: C:\Users\Daan\Documents\Rockstar Games\Social Club\Launcher\Renderer\Code Cache\js\66dba0f1da00aeeb_0 extensie: 
2025/03/13 11:51:27 Bezocht bestand: C:\Users\Daan\Documents\Rockstar Games\Social Club\Launcher\Renderer\Code Cache\js\68a992bff3b2b80a_0 extensie: 
2025/03/13 11:51:27 Bezocht bestand: C:\Users\Daan\Documents\Rockstar Games\Social Club\Launcher\Renderer\Code Cache\js\7350027feff10d4d_0 extensie: 
2025/03/13 11:51:27 Bezocht bestand: C:\Users\Daan\Documents\Rockstar Games\Social Club\Launcher\Renderer\Code Cache\js\7e7c8ead4174a5da_0 extensie: 
2025/03/13 11:51:27 Bezocht bestand: C:\Users\Daan\Documents\Rockstar Games\Social Club\Launcher\Renderer\Code Cache\js\89a0169a3589088e_0 extensie: 
2025/03/13 11:51:27 Bezocht bestand: C:\Users\Daan\Documents\Rockstar Games\Social Club\Launcher\Renderer\Code Cache\js\8e82c008f4e85849_0 extensie: 
2025/03/13 11:51:27 Bezocht bestand: C:\Users\Daan\Documents\Rockstar Games\Social Club\Launcher\Renderer\Code Cache\js\8fa2c8a52acbcb77_0 extensie: 
2025/03/13 11:51:27 Bezocht bestand: C:\Users\Daan\Documents\Rockstar Games\Social Club\Launcher\Renderer\Code Cache\js\93ab871a68091d17_0 extensie: 
2025/03/13 11:51:27 Bezocht bestand: C:\Users\Daan\Documents\Rockstar Games\Social Club\Launcher\Renderer\Code Cache\js\969d6725d3d6d494_0 extensie: 
2025/03/13 11:51:27 Bezocht bestand: C:\Users\Daan\Documents\Rockstar Games\Social Club\Launcher\Renderer\Code Cache\js\9b464e47ada9761f_0 extensie: 
2025/03/13 11:51:27 Bezocht bestand: C:\Users\Daan\Documents\Rockstar Games\Social Club\Launcher\Renderer\Code Cache\js\a7307aaa3dd75f8e_0 extensie: 
2025/03/13 11:51:27 Bezocht bestand: C:\Users\Daan\Documents\Rockstar Games\Social Club\Launcher\Renderer\Code Cache\js\b025fef1c49a4c8c_0 extensie: 
2025/03/13 11:51:27 Bezocht bestand: C:\Users\Daan\Documents\Rockstar Games\Social Club\Launcher\Renderer\Code Cache\js\b1f98b9859fe56c1_0 extensie: 
2025/03/13 11:51:27 Bezocht bestand: C:\Users\Daan\Documents\Rockstar Games\Social Club\Launcher\Renderer\Code Cache\js\bf6ee57bd6406f28_0 extensie: 
2025/03/13 11:51:27 Bezocht bestand: C:\Users\Daan\Documents\Rockstar Games\Social Club\Launcher\Renderer\Code Cache\js\da16418761c11b6d_0 extensie: 
2025/03/13 11:51:27 Bezocht bestand: C:\Users\Daan\Documents\Rockstar Games\Social Club\Launcher\Renderer\Code Cache\js\ea5c9f7ab32d2df3_0 extensie: 
2025/03/13 11:51:27 Bezocht bestand: C:\Users\Daan\Documents\Rockstar Games\Social Club\Launcher\Renderer\Code Cache\js\ef29bf643e9815df_0 extensie: 
2025/03/13 11:51:27 Bezocht bestand: C:\Users\Daan\Documents\Rockstar Games\Social Club\Launcher\Renderer\Code Cache\js\f39fc24ebaec6c00_0 extensie: 
2025/03/13 11:51:27 Bezocht bestand: C:\Users\Daan\Documents\Rockstar Games\Social Club\Launcher\Renderer\Code Cache\js\f446a7efa8ba353a_0 extensie: 
2025/03/13 11:51:27 Bezocht bestand: C:\Users\Daan\Documents\Rockstar Games\Social Club\Launcher\Renderer\Code Cache\js\f53ad7b5747b20ea_0 extensie: 
2025/03/13 11:51:27 Bezocht bestand: C:\Users\Daan\Documents\Rockstar Games\Social Club\Launcher\Renderer\Code Cache\js\index extensie: 
2025/03/13 11:51:27 Bezocht bestand: C:\Users\Daan\Documents\Rockstar Games\Social Club\Launcher\Renderer\Code Cache\js\index-dir\the-real-index extensie: 
2025/03/13 11:51:27 Bezocht bestand: C:\Users\Daan\Documents\Rockstar Games\Social Club\Launcher\Renderer\Code Cache\wasm\index extensie: 
2025/03/13 11:51:27 Bezocht bestand: C:\Users\Daan\Documents\Rockstar Games\Social Club\Launcher\Renderer\Code Cache\wasm\index-dir\the-real-index extensie: 
2025/03/13 11:51:27 Bezocht bestand: C:\Users\Daan\Documents\Rockstar Games\Social Club\Launcher\Renderer\DawnCache\data_0 extensie: 
2025/03/13 11:51:27 Bezocht bestand: C:\Users\Daan\Documents\Rockstar Games\Social Club\Launcher\Renderer\DawnCache\data_1 extensie: 
2025/03/13 11:51:27 Bezocht bestand: C:\Users\Daan\Documents\Rockstar Games\Social Club\Launcher\Renderer\DawnCache\data_2 extensie: 
2025/03/13 11:51:27 Bezocht bestand: C:\Users\Daan\Documents\Rockstar Games\Social Club\Launcher\Renderer\DawnCache\data_3 extensie: 
2025/03/13 11:51:27 Bezocht bestand: C:\Users\Daan\Documents\Rockstar Games\Social Club\Launcher\Renderer\DawnCache\index extensie: 
2025/03/13 11:51:27 Bezocht bestand: C:\Users\Daan\Documents\Rockstar Games\Social Club\Launcher\Renderer\GPUCache\data_0 extensie: 
2025/03/13 11:51:27 Bezocht bestand: C:\Users\Daan\Documents\Rockstar Games\Social Club\Launcher\Renderer\GPUCache\data_1 extensie: 
2025/03/13 11:51:27 Bezocht bestand: C:\Users\Daan\Documents\Rockstar Games\Social Club\Launcher\Renderer\GPUCache\data_2 extensie: 
2025/03/13 11:51:27 Bezocht bestand: C:\Users\Daan\Documents\Rockstar Games\Social Club\Launcher\Renderer\GPUCache\data_3 extensie: 
2025/03/13 11:51:27 Bezocht bestand: C:\Users\Daan\Documents\Rockstar Games\Social Club\Launcher\Renderer\GPUCache\index extensie: 
2025/03/13 11:51:27 Bezocht bestand: C:\Users\Daan\Documents\Rockstar Games\Social Club\Launcher\Renderer\Local Storage\leveldb\000003.log extensie: .log
2025/03/13 11:51:27 Bezocht bestand: C:\Users\Daan\Documents\Rockstar Games\Social Club\Launcher\Renderer\Local Storage\leveldb\CURRENT extensie: 
2025/03/13 11:51:27 Bezocht bestand: C:\Users\Daan\Documents\Rockstar Games\Social Club\Launcher\Renderer\Local Storage\leveldb\LOCK extensie: 
2025/03/13 11:51:27 Bezocht bestand: C:\Users\Daan\Documents\Rockstar Games\Social Club\Launcher\Renderer\Local Storage\leveldb\LOG extensie: 
2025/03/13 11:51:27 Bezocht bestand: C:\Users\Daan\Documents\Rockstar Games\Social Club\Launcher\Renderer\Local Storage\leveldb\LOG.old extensie: .old
2025/03/13 11:51:27 Bezocht bestand: C:\Users\Daan\Documents\Rockstar Games\Social Club\Launcher\Renderer\Local Storage\leveldb\MANIFEST-000001 extensie: 
2025/03/13 11:51:27 Bezocht bestand: C:\Users\Daan\Documents\Rockstar Games\Social Club\Launcher\Renderer\LocalPrefs.json extensie: .json
2025/03/13 11:51:27 Bezocht bestand: C:\Users\Daan\Documents\Rockstar Games\Social Club\Launcher\Renderer\Network\Cookies extensie: 
2025/03/13 11:51:27 Bezocht bestand: C:\Users\Daan\Documents\Rockstar Games\Social Club\Launcher\Renderer\Network\Cookies-journal extensie: 
2025/03/13 11:51:27 Bezocht bestand: C:\Users\Daan\Documents\Rockstar Games\Social Club\Launcher\Renderer\Network\Network Persistent State extensie: 
2025/03/13 11:51:27 Bezocht bestand: C:\Users\Daan\Documents\Rockstar Games\Social Club\Launcher\Renderer\Network\NetworkDataMigrated extensie: 
2025/03/13 11:51:27 Bezocht bestand: C:\Users\Daan\Documents\Rockstar Games\Social Club\Launcher\Renderer\Network\Reporting and NEL extensie: 
2025/03/13 11:51:27 Bezocht bestand: C:\Users\Daan\Documents\Rockstar Games\Social Club\Launcher\Renderer\Network\Reporting and NEL-journal extensie: 
2025/03/13 11:51:27 Bezocht bestand: C:\Users\Daan\Documents\Rockstar Games\Social Club\Launcher\Renderer\Network\TransportSecurity extensie: 
2025/03/13 11:51:27 Bezocht bestand: C:\Users\Daan\Documents\Rockstar Games\Social Club\Launcher\Renderer\Service Worker\CacheStorage\7c129e28a53a20755871f994f1997209760a9724\765bfef3-1cb2-40c3-9f06-45dea03c8fb2\0d7d46cd61560d7f_0 extensie: 
2025/03/13 11:51:27 Bezocht bestand: C:\Users\Daan\Documents\Rockstar Games\Social Club\Launcher\Renderer\Service Worker\CacheStorage\7c129e28a53a20755871f994f1997209760a9724\765bfef3-1cb2-40c3-9f06-45dea03c8fb2\330bb22ab5f4f174_0 extensie: 
2025/03/13 11:51:27 Bezocht bestand: C:\Users\Daan\Documents\Rockstar Games\Social Club\Launcher\Renderer\Service Worker\CacheStorage\7c129e28a53a20755871f994f1997209760a9724\765bfef3-1cb2-40c3-9f06-45dea03c8fb2\7a7b188abc83c828_0 extensie: 
2025/03/13 11:51:27 Bezocht bestand: C:\Users\Daan\Documents\Rockstar Games\Social Club\Launcher\Renderer\Service Worker\CacheStorage\7c129e28a53a20755871f994f1997209760a9724\765bfef3-1cb2-40c3-9f06-45dea03c8fb2\9417c3493bd429ef_0 extensie: 
2025/03/13 11:51:27 Bezocht bestand: C:\Users\Daan\Documents\Rockstar Games\Social Club\Launcher\Renderer\Service Worker\CacheStorage\7c129e28a53a20755871f994f1997209760a9724\765bfef3-1cb2-40c3-9f06-45dea03c8fb2\d83122549e1d5ce5_0 extensie: 
2025/03/13 11:51:27 Bezocht bestand: C:\Users\Daan\Documents\Rockstar Games\Social Club\Launcher\Renderer\Service Worker\CacheStorage\7c129e28a53a20755871f994f1997209760a9724\765bfef3-1cb2-40c3-9f06-45dea03c8fb2\d83122549e1d5ce5_1 extensie: 
2025/03/13 11:51:27 Bezocht bestand: C:\Users\Daan\Documents\Rockstar Games\Social Club\Launcher\Renderer\Service Worker\CacheStorage\7c129e28a53a20755871f994f1997209760a9724\765bfef3-1cb2-40c3-9f06-45dea03c8fb2\e972519f122da162_0 extensie: 
2025/03/13 11:51:27 Bezocht bestand: C:\Users\Daan\Documents\Rockstar Games\Social Club\Launcher\Renderer\Service Worker\CacheStorage\7c129e28a53a20755871f994f1997209760a9724\765bfef3-1cb2-40c3-9f06-45dea03c8fb2\index extensie: 
2025/03/13 11:51:27 Bezocht bestand: C:\Users\Daan\Documents\Rockstar Games\Social Club\Launcher\Renderer\Service Worker\CacheStorage\7c129e28a53a20755871f994f1997209760a9724\765bfef3-1cb2-40c3-9f06-45dea03c8fb2\index-dir\the-real-index extensie: 
2025/03/13 11:51:27 Bezocht bestand: C:\Users\Daan\Documents\Rockstar Games\Social Club\Launcher\Renderer\Service Worker\CacheStorage\7c129e28a53a20755871f994f1997209760a9724\index.txt extensie: .txt
2025/03/13 11:51:27 Document bestand: C:\Users\Daan\Documents\Rockstar Games\Social Club\Launcher\Renderer\Service Worker\CacheStorage\7c129e28a53a20755871f994f1997209760a9724\index.txt
2025/03/13 11:51:27 Bezocht bestand: C:\Users\Daan\Documents\Rockstar Games\Social Club\Launcher\Renderer\Service Worker\Database\000003.log extensie: .log
2025/03/13 11:51:27 Bezocht bestand: C:\Users\Daan\Documents\Rockstar Games\Social Club\Launcher\Renderer\Service Worker\Database\CURRENT extensie: 
2025/03/13 11:51:27 Bezocht bestand: C:\Users\Daan\Documents\Rockstar Games\Social Club\Launcher\Renderer\Service Worker\Database\LOCK extensie: 
2025/03/13 11:51:27 Bezocht bestand: C:\Users\Daan\Documents\Rockstar Games\Social Club\Launcher\Renderer\Service Worker\Database\LOG extensie: 
2025/03/13 11:51:27 Bezocht bestand: C:\Users\Daan\Documents\Rockstar Games\Social Club\Launcher\Renderer\Service Worker\Database\LOG.old extensie: .old
2025/03/13 11:51:27 Bezocht bestand: C:\Users\Daan\Documents\Rockstar Games\Social Club\Launcher\Renderer\Service Worker\Database\MANIFEST-000001 extensie: 
2025/03/13 11:51:27 Bezocht bestand: C:\Users\Daan\Documents\Rockstar Games\Social Club\Launcher\Renderer\Service Worker\ScriptCache\2cc80dabc69f58b6_0 extensie: 
2025/03/13 11:51:27 Bezocht bestand: C:\Users\Daan\Documents\Rockstar Games\Social Club\Launcher\Renderer\Service Worker\ScriptCache\4cb013792b196a35_0 extensie: 
2025/03/13 11:51:27 Bezocht bestand: C:\Users\Daan\Documents\Rockstar Games\Social Club\Launcher\Renderer\Service Worker\ScriptCache\4cb013792b196a35_1 extensie: 
2025/03/13 11:51:27 Bezocht bestand: C:\Users\Daan\Documents\Rockstar Games\Social Club\Launcher\Renderer\Service Worker\ScriptCache\index extensie: 
2025/03/13 11:51:27 Bezocht bestand: C:\Users\Daan\Documents\Rockstar Games\Social Club\Launcher\Renderer\Service Worker\ScriptCache\index-dir\the-real-index extensie: 
2025/03/13 11:51:27 Bezocht bestand: C:\Users\Daan\Documents\Rockstar Games\Social Club\Launcher\Renderer\Session Storage\000003.log extensie: .log
2025/03/13 11:51:27 Bezocht bestand: C:\Users\Daan\Documents\Rockstar Games\Social Club\Launcher\Renderer\Session Storage\CURRENT extensie: 
2025/03/13 11:51:27 Bezocht bestand: C:\Users\Daan\Documents\Rockstar Games\Social Club\Launcher\Renderer\Session Storage\LOCK extensie: 
2025/03/13 11:51:27 Bezocht bestand: C:\Users\Daan\Documents\Rockstar Games\Social Club\Launcher\Renderer\Session Storage\LOG extensie: 
2025/03/13 11:51:27 Bezocht bestand: C:\Users\Daan\Documents\Rockstar Games\Social Club\Launcher\Renderer\Session Storage\LOG.old extensie: .old
2025/03/13 11:51:27 Bezocht bestand: C:\Users\Daan\Documents\Rockstar Games\Social Club\Launcher\Renderer\Session Storage\MANIFEST-000001 extensie: 
2025/03/13 11:51:27 Bezocht bestand: C:\Users\Daan\Documents\Rockstar Games\Social Club\Launcher\Renderer\Visited Links extensie: 
2025/03/13 11:51:27 Bezocht bestand: C:\Users\Daan\Documents\Rockstar Games\Social Club\Launcher\Renderer\WebStorage\QuotaManager extensie: 
2025/03/13 11:51:27 Bezocht bestand: C:\Users\Daan\Documents\Rockstar Games\Social Club\Launcher\Renderer\WebStorage\QuotaManager-journal extensie: 
2025/03/13 11:51:27 Bezocht bestand: C:\Users\Daan\Documents\Rockstar Games\Social Club\Launcher\Renderer\databases\Databases.db extensie: .db
2025/03/13 11:51:27 Bezocht bestand: C:\Users\Daan\Documents\Rockstar Games\Social Club\Launcher\Renderer\databases\Databases.db-journal extensie: .db-journal
2025/03/13 11:51:27 Bezocht bestand: C:\Users\Daan\Documents\Rockstar Games\Social Club\Launcher\Renderer\socialclub_helper.log extensie: .log
2025/03/13 11:51:27 Bezocht bestand: C:\Users\Daan\Documents\Rockstar Games\Social Club\Profiles\7AA87CEC\Titles\GTA V\achievements.dat extensie: .dat
2025/03/13 11:51:27 Bezocht bestand: C:\Users\Daan\Documents\Rockstar Games\Social Club\Profiles\7AA87CEC\players.dat extensie: .dat
2025/03/13 11:51:27 Bezocht bestand: C:\Users\Daan\Documents\Rockstar Games\Social Club\Profiles\7AA87CEC\profile.dat extensie: .dat
2025/03/13 11:51:27 Bezocht bestand: C:\Users\Daan\Documents\Rockstar Games\Social Club\Titles\GTA V\metadata.dat extensie: .dat
2025/03/13 11:51:27 Bezocht bestand: C:\Users\Daan\Documents\Rockstar Games\Social Club\ipc.log extensie: .log
2025/03/13 11:51:27 Bezocht bestand: C:\Users\Daan\Documents\Rockstar Games\Social Club\socialclub.log extensie: .log
2025/03/13 11:51:27 Bezocht bestand: C:\Users\Daan\Documents\Rockstar Games\Social Club\socialclub_launcher.log extensie: .log
2025/03/13 11:51:27 Bezocht bestand: C:\Users\Daan\Documents\Visual Studio 2022\Visualizers\attribcache140.bin extensie: .bin
2025/03/13 11:51:27 Bezocht bestand: C:\Users\Daan\Documents\desktop.ini extensie: .ini
2025/03/13 11:51:27 Bezocht bestand: C:\Users\Daan\Documents\temp\Dragon Center\Setup.exe extensie: .exe
2025/03/13 11:51:27 Bezocht bestand: C:\Users\Daan\Documents\temp\OneDC_Updater\NBSDK_Update_0057.xml extensie: .xml
2025/03/13 11:51:27 Bezocht bestand: C:\Users\Daan\Documents\temp\OneDC_Updater\NBSDK_Update_0058.xml extensie: .xml
2025/03/13 11:51:27 Bezocht bestand: C:\Users\Daan\Documents\temp\OneDC_Updater\NBSDK_Update_0060.xml extensie: .xml
2025/03/13 11:51:27 Bezocht bestand: C:\Users\Daan\Documents\temp\OneDC_Updater\NBSDK_Update_0061.xml extensie: .xml
2025/03/13 11:51:27 Bezocht bestand: C:\Users\Daan\Documents\temp\OneDC_Updater\OneDC_Updater.exe extensie: .exe
2025/03/13 11:51:27 Totale grootte van documentbestanden in C:\Users\Daan\Documents : 1.46 MB
